  Boids_main.cpp
D:\Programming\C++\Boids-SFML\Boids\Boids_Entity.h(15,33): warning C4244: '=': conversion from 'int' to 'float', possible loss of data
D:\Programming\C++\Boids-SFML\Boids\Boids_Entity.h(15,44): warning C4244: '=': conversion from 'int' to 'float', possible loss of data
D:\Programming\C++\Boids-SFML\Boids\Boid.h(46,19): warning C4244: '=': conversion from 'int' to 'float', possible loss of data
D:\Programming\C++\Boids-SFML\Boids\Boid.h(48,24): warning C4244: '=': conversion from 'int' to 'float', possible loss of data
D:\Programming\C++\Boids-SFML\Boids\Boids_Handle.h(18,25): warning C4244: '=': conversion from 'int' to 'float', possible loss of data
D:\Programming\C++\Boids-SFML\Boids\Boids_Handle.h(19,25): warning C4244: '=': conversion from 'int' to 'float', possible loss of data
D:\Programming\C++\Boids-SFML\Boids\Boids_Classes.h(18,10): warning C4244: 'initializing': conversion from 'int' to 'float', possible loss of data
D:\Programming\C++\Boids-SFML\Boids\Boids_Classes.h(18,29): warning C4244: 'initializing': conversion from 'int' to 'float', possible loss of data
D:\Programming\C++\Boids-SFML\Boids\Boids_Classes.h(18,52): warning C4244: 'initializing': conversion from 'int' to 'float', possible loss of data
D:\Programming\C++\Boids-SFML\Boids\Boids_Classes.h(31,14): warning C4244: 'initializing': conversion from 'float' to 'int', possible loss of data
D:\Programming\C++\Boids-SFML\Boids\Boids_main.cpp(30,12): warning C4244: 'argument': conversion from 'time_t' to 'unsigned int', possible loss of data
D:\Programming\C++\Boids-SFML\Boids\Boids_main.cpp(70,21): warning C4244: 'argument': conversion from 'int' to 'float', possible loss of data
D:\Programming\C++\Boids-SFML\Boids\Boids_main.cpp(72,28): warning C4244: 'argument': conversion from 'int' to 'float', possible loss of data
D:\Programming\C++\Boids-SFML\Boids\Boids_main.cpp(72,19): warning C4244: 'argument': conversion from 'int' to 'float', possible loss of data
D:\Programming\C++\Boids-SFML\Boids\Boids_main.cpp(73,30): warning C4244: 'argument': conversion from 'int' to 'float', possible loss of data
D:\Programming\C++\Boids-SFML\Boids\Boids_main.cpp(73,23): warning C4244: 'argument': conversion from 'int' to 'float', possible loss of data
D:\Programming\C++\Boids-SFML\Boids\Boids_main.cpp(106,30): warning C4244: 'argument': conversion from 'int' to 'float', possible loss of data
D:\Programming\C++\Boids-SFML\Boids\Boids_main.cpp(106,23): warning C4244: 'argument': conversion from 'int' to 'float', possible loss of data
D:\Programming\C++\Boids-SFML\Boids\Boids_main.cpp(109,30): warning C4244: 'argument': conversion from 'int' to 'float', possible loss of data
D:\Programming\C++\Boids-SFML\Boids\Boids_main.cpp(109,23): warning C4244: 'argument': conversion from 'int' to 'float', possible loss of data
D:\Programming\C++\Boids-SFML\Boids\Boids_main.cpp(121,42): warning C4244: 'argument': conversion from 'double' to 'float', possible loss of data
D:\Programming\C++\Boids-SFML\Boids\Boids_main.cpp(130,20): warning C4018: '<': signed/unsigned mismatch
D:\Programming\C++\Boids-SFML\Boids\Boids_main.cpp(136,56): warning C4244: 'argument': conversion from 'int' to 'float', possible loss of data
D:\Programming\C++\Boids-SFML\Boids\Boids_main.cpp(136,44): warning C4244: 'argument': conversion from 'int' to 'float', possible loss of data
D:\Programming\C++\Boids-SFML\Boids\Boids_main.cpp(136,32): warning C4244: 'argument': conversion from 'int' to 'float', possible loss of data
D:\Programming\C++\Boids-SFML\Boids\Boids_main.cpp(161,89): warning C4244: 'argument': conversion from 'int' to 'float', possible loss of data
D:\Programming\C++\Boids-SFML\Boids\Boids_main.cpp(161,49): warning C4244: 'argument': conversion from 'int' to 'float', possible loss of data
D:\Programming\C++\Boids-SFML\Boids\Boids_main.cpp(161,31): warning C4244: 'argument': conversion from 'int' to 'float', possible loss of data
D:\Programming\C++\Boids-SFML\Boids\Boids_main.cpp(161,23): warning C4244: 'argument': conversion from 'int' to 'float', possible loss of data
D:\Programming\C++\Boids-SFML\Boids\Boids_main.cpp(175,72): warning C4244: 'argument': conversion from 'unsigned int' to 'T', possible loss of data
          with
          [
              T=float
          ]
D:\Programming\C++\Boids-SFML\Boids\Boids_main.cpp(175,55): warning C4244: 'argument': conversion from 'unsigned int' to 'T', possible loss of data
          with
          [
              T=float
          ]
D:\Programming\C++\Boids-SFML\Boids\Boids_main.cpp(203,60): warning C4244: 'argument': conversion from 'int' to 'float', possible loss of data
D:\Programming\C++\Boids-SFML\Boids\Boids_main.cpp(203,48): warning C4244: 'argument': conversion from 'int' to 'float', possible loss of data
D:\Programming\C++\Boids-SFML\Boids\Boids_main.cpp(203,36): warning C4244: 'argument': conversion from 'int' to 'float', possible loss of data
D:\Programming\C++\Boids-SFML\Boids\Boids_main.cpp(244,15): warning C4244: 'initializing': conversion from 'float' to 'int', possible loss of data
D:\Programming\C++\Boids-SFML\Boids\Boids_main.cpp(244,67): warning C4244: 'initializing': conversion from 'float' to 'int', possible loss of data
D:\Programming\C++\Boids-SFML\Boids\Boids_main.cpp(245,12): warning C4244: 'initializing': conversion from 'int' to 'float', possible loss of data
D:\Programming\C++\Boids-SFML\Boids\Boids_main.cpp(252,32): warning C4244: 'argument': conversion from 'int' to 'float', possible loss of data
D:\Programming\C++\Boids-SFML\Boids\Boids_main.cpp(252,24): warning C4244: 'argument': conversion from 'int' to 'float', possible loss of data
D:\Programming\C++\Boids-SFML\Boids\Boids_main.cpp(253,14): warning C4244: 'initializing': conversion from 'float' to 'int', possible loss of data
D:\Programming\C++\Boids-SFML\Boids\Boids_main.cpp(254,24): warning C4244: '/=': conversion from 'float' to 'int', possible loss of data
D:\Programming\C++\Boids-SFML\Boids\Boids_main.cpp(257,32): warning C4244: '=': conversion from 'float' to 'int', possible loss of data
D:\Programming\C++\Boids-SFML\Boids\Boids_main.cpp(268,35): warning C4305: 'argument': truncation from 'double' to 'float'
D:\Programming\C++\Boids-SFML\Boids\Boids_main.cpp(286,117): warning C4244: '=': conversion from 'int' to 'float', possible loss of data
D:\Programming\C++\Boids-SFML\Boids\Boids_main.cpp(314,11): warning C4244: '=': conversion from 'float' to 'int', possible loss of data
D:\Programming\C++\Boids-SFML\Boids\Boids_main.cpp(314,21): warning C4244: '=': conversion from 'float' to 'int', possible loss of data
D:\Programming\C++\Boids-SFML\Boids\Boids_main.cpp(353,52): warning C4244: 'argument': conversion from 'double' to 'float', possible loss of data
D:\Programming\C++\Boids-SFML\Boids\Boids_main.cpp(354,54): warning C4244: '=': conversion from 'float' to 'int', possible loss of data
D:\Programming\C++\Boids-SFML\Boids\Boids_main.cpp(354,62): warning C4244: '=': conversion from 'float' to 'int', possible loss of data
D:\Programming\C++\Boids-SFML\Boids\Boids_main.cpp(379,17): warning C4244: 'initializing': conversion from 'double' to 'float', possible loss of data
D:\Programming\C++\Boids-SFML\Boids\Boids_main.cpp(398,17): warning C4244: 'initializing': conversion from 'double' to 'float', possible loss of data
D:\Programming\C++\Boids-SFML\Boids\Boids_main.cpp(443,17): warning C4244: 'initializing': conversion from 'double' to 'float', possible loss of data
D:\Programming\C++\Boids-SFML\Boids\Boids_main.cpp(463,96): warning C4244: 'argument': conversion from 'T' to 'float', possible loss of data
          with
          [
              T=int
          ]
D:\Programming\C++\Boids-SFML\Boids\Boids_main.cpp(463,69): warning C4244: 'argument': conversion from 'T' to 'float', possible loss of data
          with
          [
              T=int
          ]
D:\Programming\C++\Boids-SFML\Boids\Boids_main.cpp(478,15): warning C4244: 'initializing': conversion from 'double' to 'float', possible loss of data
D:\Programming\C++\Boids-SFML\Boids\Boids_main.cpp(485,98): warning C4244: 'argument': conversion from 'T' to 'float', possible loss of data
          with
          [
              T=int
          ]
D:\Programming\C++\Boids-SFML\Boids\Boids_main.cpp(485,71): warning C4244: 'argument': conversion from 'T' to 'float', possible loss of data
          with
          [
              T=int
          ]
D:\Programming\C++\Boids-SFML\Boids\Boids_main.cpp(487,89): warning C4244: 'argument': conversion from 'T' to 'float', possible loss of data
          with
          [
              T=int
          ]
D:\Programming\C++\Boids-SFML\Boids\Boids_main.cpp(487,62): warning C4244: 'argument': conversion from 'T' to 'float', possible loss of data
          with
          [
              T=int
          ]
D:\Programming\C++\Boids-SFML\Boids\Boids_main.cpp(513,15): warning C4244: 'initializing': conversion from 'double' to 'float', possible loss of data
D:\Programming\C++\Boids-SFML\Boids\Boids_main.cpp(550,21): warning C4244: 'argument': conversion from 'int' to 'T', possible loss of data
          with
          [
              T=float
          ]
D:\Programming\C++\Boids-SFML\Boids\Boids_main.cpp(550,19): warning C4244: 'argument': conversion from 'int' to 'T', possible loss of data
          with
          [
              T=float
          ]
D:\Programming\C++\Boids-SFML\Boids\Boids_main.cpp(551,21): warning C4244: 'argument': conversion from 'int' to 'T', possible loss of data
          with
          [
              T=float
          ]
D:\Programming\C++\Boids-SFML\Boids\Boids_main.cpp(551,19): warning C4244: 'argument': conversion from 'int' to 'T', possible loss of data
          with
          [
              T=float
          ]
  Boids.vcxproj -> D:\Programming\C++\Boids-SFML\Debug\Boids.exe
