  Boids_main.cpp
D:\Programming\C++\Boids-SFML\Boids\Boids_Entity.h(15,33): warning C4244: '=': conversion from 'int' to 'float', possible loss of data
  (compiling source file 'Boids_main.cpp')
  
D:\Programming\C++\Boids-SFML\Boids\Boids_Entity.h(15,44): warning C4244: '=': conversion from 'int' to 'float', possible loss of data
  (compiling source file 'Boids_main.cpp')
  
D:\Programming\C++\Boids-SFML\Boids\Boid.h(46,19): warning C4244: '=': conversion from 'int' to 'float', possible loss of data
  (compiling source file 'Boids_main.cpp')
  
D:\Programming\C++\Boids-SFML\Boids\Boid.h(48,24): warning C4244: '=': conversion from 'int' to 'float', possible loss of data
  (compiling source file 'Boids_main.cpp')
  
D:\Programming\C++\Boids-SFML\Boids\Boids_Handle.h(18,25): warning C4244: '=': conversion from 'int' to 'float', possible loss of data
  (compiling source file 'Boids_main.cpp')
  
D:\Programming\C++\Boids-SFML\Boids\Boids_Handle.h(19,25): warning C4244: '=': conversion from 'int' to 'float', possible loss of data
  (compiling source file 'Boids_main.cpp')
  
D:\Programming\C++\Boids-SFML\Boids\Boids_Classes.h(18,10): warning C4244: 'initializing': conversion from 'int' to 'float', possible loss of data
  (compiling source file 'Boids_main.cpp')
  
D:\Programming\C++\Boids-SFML\Boids\Boids_Classes.h(18,29): warning C4244: 'initializing': conversion from 'int' to 'float', possible loss of data
  (compiling source file 'Boids_main.cpp')
  
D:\Programming\C++\Boids-SFML\Boids\Boids_Classes.h(18,52): warning C4244: 'initializing': conversion from 'int' to 'float', possible loss of data
  (compiling source file 'Boids_main.cpp')
  
D:\Programming\C++\Boids-SFML\Boids\Boids_Classes.h(31,14): warning C4244: 'initializing': conversion from 'float' to 'int', possible loss of data
  (compiling source file 'Boids_main.cpp')
  
D:\Programming\C++\Boids-SFML\Boids\Boids_main.cpp(33,12): warning C4244: 'argument': conversion from 'time_t' to 'unsigned int', possible loss of data
D:\Programming\C++\Boids-SFML\Boids\Boids_main.cpp(73,21): warning C4244: 'argument': conversion from 'int' to 'float', possible loss of data
D:\Programming\C++\Boids-SFML\Boids\Boids_main.cpp(75,28): warning C4244: 'argument': conversion from 'int' to 'float', possible loss of data
D:\Programming\C++\Boids-SFML\Boids\Boids_main.cpp(75,19): warning C4244: 'argument': conversion from 'int' to 'float', possible loss of data
D:\Programming\C++\Boids-SFML\Boids\Boids_main.cpp(76,30): warning C4244: 'argument': conversion from 'int' to 'float', possible loss of data
D:\Programming\C++\Boids-SFML\Boids\Boids_main.cpp(76,23): warning C4244: 'argument': conversion from 'int' to 'float', possible loss of data
D:\Programming\C++\Boids-SFML\Boids\Boids_main.cpp(109,30): warning C4244: 'argument': conversion from 'int' to 'float', possible loss of data
D:\Programming\C++\Boids-SFML\Boids\Boids_main.cpp(109,23): warning C4244: 'argument': conversion from 'int' to 'float', possible loss of data
D:\Programming\C++\Boids-SFML\Boids\Boids_main.cpp(112,30): warning C4244: 'argument': conversion from 'int' to 'float', possible loss of data
D:\Programming\C++\Boids-SFML\Boids\Boids_main.cpp(112,23): warning C4244: 'argument': conversion from 'int' to 'float', possible loss of data
D:\Programming\C++\Boids-SFML\Boids\Boids_main.cpp(124,42): warning C4244: 'argument': conversion from 'double' to 'float', possible loss of data
D:\Programming\C++\Boids-SFML\Boids\Boids_main.cpp(133,20): warning C4018: '<': signed/unsigned mismatch
D:\Programming\C++\Boids-SFML\Boids\Boids_main.cpp(139,56): warning C4244: 'argument': conversion from 'int' to 'float', possible loss of data
D:\Programming\C++\Boids-SFML\Boids\Boids_main.cpp(139,44): warning C4244: 'argument': conversion from 'int' to 'float', possible loss of data
D:\Programming\C++\Boids-SFML\Boids\Boids_main.cpp(139,32): warning C4244: 'argument': conversion from 'int' to 'float', possible loss of data
D:\Programming\C++\Boids-SFML\Boids\Boids_main.cpp(164,89): warning C4244: 'argument': conversion from 'int' to 'float', possible loss of data
D:\Programming\C++\Boids-SFML\Boids\Boids_main.cpp(164,49): warning C4244: 'argument': conversion from 'int' to 'float', possible loss of data
D:\Programming\C++\Boids-SFML\Boids\Boids_main.cpp(164,31): warning C4244: 'argument': conversion from 'int' to 'float', possible loss of data
D:\Programming\C++\Boids-SFML\Boids\Boids_main.cpp(164,23): warning C4244: 'argument': conversion from 'int' to 'float', possible loss of data
D:\Programming\C++\Boids-SFML\Boids\Boids_main.cpp(178,72): warning C4244: 'argument': conversion from 'unsigned int' to 'T', possible loss of data
D:\Programming\C++\Boids-SFML\Boids\Boids_main.cpp(178,72): warning C4244:         with
D:\Programming\C++\Boids-SFML\Boids\Boids_main.cpp(178,72): warning C4244:         [
D:\Programming\C++\Boids-SFML\Boids\Boids_main.cpp(178,72): warning C4244:             T=float
D:\Programming\C++\Boids-SFML\Boids\Boids_main.cpp(178,72): warning C4244:         ]
D:\Programming\C++\Boids-SFML\Boids\Boids_main.cpp(178,55): warning C4244: 'argument': conversion from 'unsigned int' to 'T', possible loss of data
D:\Programming\C++\Boids-SFML\Boids\Boids_main.cpp(178,55): warning C4244:         with
D:\Programming\C++\Boids-SFML\Boids\Boids_main.cpp(178,55): warning C4244:         [
D:\Programming\C++\Boids-SFML\Boids\Boids_main.cpp(178,55): warning C4244:             T=float
D:\Programming\C++\Boids-SFML\Boids\Boids_main.cpp(178,55): warning C4244:         ]
D:\Programming\C++\Boids-SFML\Boids\Boids_main.cpp(206,60): warning C4244: 'argument': conversion from 'int' to 'float', possible loss of data
D:\Programming\C++\Boids-SFML\Boids\Boids_main.cpp(206,48): warning C4244: 'argument': conversion from 'int' to 'float', possible loss of data
D:\Programming\C++\Boids-SFML\Boids\Boids_main.cpp(206,36): warning C4244: 'argument': conversion from 'int' to 'float', possible loss of data
D:\Programming\C++\Boids-SFML\Boids\Boids_main.cpp(247,15): warning C4244: 'initializing': conversion from 'float' to 'int', possible loss of data
D:\Programming\C++\Boids-SFML\Boids\Boids_main.cpp(247,67): warning C4244: 'initializing': conversion from 'float' to 'int', possible loss of data
D:\Programming\C++\Boids-SFML\Boids\Boids_main.cpp(248,12): warning C4244: 'initializing': conversion from 'int' to 'float', possible loss of data
D:\Programming\C++\Boids-SFML\Boids\Boids_main.cpp(255,32): warning C4244: 'argument': conversion from 'int' to 'float', possible loss of data
D:\Programming\C++\Boids-SFML\Boids\Boids_main.cpp(255,24): warning C4244: 'argument': conversion from 'int' to 'float', possible loss of data
D:\Programming\C++\Boids-SFML\Boids\Boids_main.cpp(256,14): warning C4244: 'initializing': conversion from 'float' to 'int', possible loss of data
D:\Programming\C++\Boids-SFML\Boids\Boids_main.cpp(257,16): warning C4244: '/=': conversion from 'float' to 'int', possible loss of data
D:\Programming\C++\Boids-SFML\Boids\Boids_main.cpp(260,32): warning C4244: '=': conversion from 'float' to 'int', possible loss of data
D:\Programming\C++\Boids-SFML\Boids\Boids_main.cpp(271,32): warning C4305: 'argument': truncation from 'double' to 'float'
D:\Programming\C++\Boids-SFML\Boids\Boids_main.cpp(271,27): warning C4305: 'argument': truncation from 'double' to 'float'
D:\Programming\C++\Boids-SFML\Boids\Boids_main.cpp(289,117): warning C4244: '=': conversion from 'int' to 'float', possible loss of data
D:\Programming\C++\Boids-SFML\Boids\Boids_main.cpp(317,11): warning C4244: '=': conversion from 'float' to 'int', possible loss of data
D:\Programming\C++\Boids-SFML\Boids\Boids_main.cpp(317,21): warning C4244: '=': conversion from 'float' to 'int', possible loss of data
D:\Programming\C++\Boids-SFML\Boids\Boids_main.cpp(356,52): warning C4244: 'argument': conversion from 'double' to 'float', possible loss of data
D:\Programming\C++\Boids-SFML\Boids\Boids_main.cpp(357,54): warning C4244: '=': conversion from 'float' to 'int', possible loss of data
D:\Programming\C++\Boids-SFML\Boids\Boids_main.cpp(357,62): warning C4244: '=': conversion from 'float' to 'int', possible loss of data
D:\Programming\C++\Boids-SFML\Boids\Boids_main.cpp(382,17): warning C4244: 'initializing': conversion from 'double' to 'float', possible loss of data
D:\Programming\C++\Boids-SFML\Boids\Boids_main.cpp(401,17): warning C4244: 'initializing': conversion from 'double' to 'float', possible loss of data
D:\Programming\C++\Boids-SFML\Boids\Boids_main.cpp(446,17): warning C4244: 'initializing': conversion from 'double' to 'float', possible loss of data
D:\Programming\C++\Boids-SFML\Boids\Boids_main.cpp(466,96): warning C4244: 'argument': conversion from 'T' to 'float', possible loss of data
D:\Programming\C++\Boids-SFML\Boids\Boids_main.cpp(466,96): warning C4244:         with
D:\Programming\C++\Boids-SFML\Boids\Boids_main.cpp(466,96): warning C4244:         [
D:\Programming\C++\Boids-SFML\Boids\Boids_main.cpp(466,96): warning C4244:             T=int
D:\Programming\C++\Boids-SFML\Boids\Boids_main.cpp(466,96): warning C4244:         ]
D:\Programming\C++\Boids-SFML\Boids\Boids_main.cpp(466,69): warning C4244: 'argument': conversion from 'T' to 'float', possible loss of data
D:\Programming\C++\Boids-SFML\Boids\Boids_main.cpp(466,69): warning C4244:         with
D:\Programming\C++\Boids-SFML\Boids\Boids_main.cpp(466,69): warning C4244:         [
D:\Programming\C++\Boids-SFML\Boids\Boids_main.cpp(466,69): warning C4244:             T=int
D:\Programming\C++\Boids-SFML\Boids\Boids_main.cpp(466,69): warning C4244:         ]
D:\Programming\C++\Boids-SFML\Boids\Boids_main.cpp(481,15): warning C4244: 'initializing': conversion from 'double' to 'float', possible loss of data
D:\Programming\C++\Boids-SFML\Boids\Boids_main.cpp(488,98): warning C4244: 'argument': conversion from 'T' to 'float', possible loss of data
D:\Programming\C++\Boids-SFML\Boids\Boids_main.cpp(488,98): warning C4244:         with
D:\Programming\C++\Boids-SFML\Boids\Boids_main.cpp(488,98): warning C4244:         [
D:\Programming\C++\Boids-SFML\Boids\Boids_main.cpp(488,98): warning C4244:             T=int
D:\Programming\C++\Boids-SFML\Boids\Boids_main.cpp(488,98): warning C4244:         ]
D:\Programming\C++\Boids-SFML\Boids\Boids_main.cpp(488,71): warning C4244: 'argument': conversion from 'T' to 'float', possible loss of data
D:\Programming\C++\Boids-SFML\Boids\Boids_main.cpp(488,71): warning C4244:         with
D:\Programming\C++\Boids-SFML\Boids\Boids_main.cpp(488,71): warning C4244:         [
D:\Programming\C++\Boids-SFML\Boids\Boids_main.cpp(488,71): warning C4244:             T=int
D:\Programming\C++\Boids-SFML\Boids\Boids_main.cpp(488,71): warning C4244:         ]
D:\Programming\C++\Boids-SFML\Boids\Boids_main.cpp(490,89): warning C4244: 'argument': conversion from 'T' to 'float', possible loss of data
D:\Programming\C++\Boids-SFML\Boids\Boids_main.cpp(490,89): warning C4244:         with
D:\Programming\C++\Boids-SFML\Boids\Boids_main.cpp(490,89): warning C4244:         [
D:\Programming\C++\Boids-SFML\Boids\Boids_main.cpp(490,89): warning C4244:             T=int
D:\Programming\C++\Boids-SFML\Boids\Boids_main.cpp(490,89): warning C4244:         ]
D:\Programming\C++\Boids-SFML\Boids\Boids_main.cpp(490,62): warning C4244: 'argument': conversion from 'T' to 'float', possible loss of data
D:\Programming\C++\Boids-SFML\Boids\Boids_main.cpp(490,62): warning C4244:         with
D:\Programming\C++\Boids-SFML\Boids\Boids_main.cpp(490,62): warning C4244:         [
D:\Programming\C++\Boids-SFML\Boids\Boids_main.cpp(490,62): warning C4244:             T=int
D:\Programming\C++\Boids-SFML\Boids\Boids_main.cpp(490,62): warning C4244:         ]
D:\Programming\C++\Boids-SFML\Boids\Boids_main.cpp(516,15): warning C4244: 'initializing': conversion from 'double' to 'float', possible loss of data
D:\Programming\C++\Boids-SFML\Boids\Boids_main.cpp(553,21): warning C4244: 'argument': conversion from 'int' to 'T', possible loss of data
D:\Programming\C++\Boids-SFML\Boids\Boids_main.cpp(553,21): warning C4244:         with
D:\Programming\C++\Boids-SFML\Boids\Boids_main.cpp(553,21): warning C4244:         [
D:\Programming\C++\Boids-SFML\Boids\Boids_main.cpp(553,21): warning C4244:             T=float
D:\Programming\C++\Boids-SFML\Boids\Boids_main.cpp(553,21): warning C4244:         ]
D:\Programming\C++\Boids-SFML\Boids\Boids_main.cpp(553,19): warning C4244: 'argument': conversion from 'int' to 'T', possible loss of data
D:\Programming\C++\Boids-SFML\Boids\Boids_main.cpp(553,19): warning C4244:         with
D:\Programming\C++\Boids-SFML\Boids\Boids_main.cpp(553,19): warning C4244:         [
D:\Programming\C++\Boids-SFML\Boids\Boids_main.cpp(553,19): warning C4244:             T=float
D:\Programming\C++\Boids-SFML\Boids\Boids_main.cpp(553,19): warning C4244:         ]
D:\Programming\C++\Boids-SFML\Boids\Boids_main.cpp(554,21): warning C4244: 'argument': conversion from 'int' to 'T', possible loss of data
D:\Programming\C++\Boids-SFML\Boids\Boids_main.cpp(554,21): warning C4244:         with
D:\Programming\C++\Boids-SFML\Boids\Boids_main.cpp(554,21): warning C4244:         [
D:\Programming\C++\Boids-SFML\Boids\Boids_main.cpp(554,21): warning C4244:             T=float
D:\Programming\C++\Boids-SFML\Boids\Boids_main.cpp(554,21): warning C4244:         ]
D:\Programming\C++\Boids-SFML\Boids\Boids_main.cpp(554,19): warning C4244: 'argument': conversion from 'int' to 'T', possible loss of data
D:\Programming\C++\Boids-SFML\Boids\Boids_main.cpp(554,19): warning C4244:         with
D:\Programming\C++\Boids-SFML\Boids\Boids_main.cpp(554,19): warning C4244:         [
D:\Programming\C++\Boids-SFML\Boids\Boids_main.cpp(554,19): warning C4244:             T=float
D:\Programming\C++\Boids-SFML\Boids\Boids_main.cpp(554,19): warning C4244:         ]
  Generating code
  Previous IPDB not found, fall back to full compilation.
  All 232 functions were compiled because no usable IPDB/IOBJ from previous compilation was found.
  Finished generating code
  Boids.vcxproj -> D:\Programming\C++\Boids-SFML\Release\Boids.exe
